[INFO] Scanning for projects...
Downloading from aliyunmaven: https://maven.aliyun.com/repository/public/org/flywaydb/maven-metadata.xml
Downloading from aliyunmaven: https://maven.aliyun.com/repository/public/org/springframework/boot/maven-metadata.xml
Downloading from aliyunmaven: https://maven.aliyun.com/repository/public/io/github/git-commit-id/maven-metadata.xml
Downloading from aliyunmaven: https://maven.aliyun.com/repository/public/org/cyclonedx/maven-metadata.xml
Progress (1): 250 BProgress (2): 250 B | 244 BProgress (3): 250 B | 244 B | 256 BProgress (4): 250 B | 244 B | 256 B | 235 B                                           Downloaded from aliyunmaven: https://maven.aliyun.com/repository/public/org/flywaydb/maven-metadata.xml (235 B at 807 B/s)
Downloaded from aliyunmaven: https://maven.aliyun.com/repository/public/org/cyclonedx/maven-metadata.xml (244 B at 835 B/s)
Downloading from aliyunmaven: https://maven.aliyun.com/repository/public/org/jooq/maven-metadata.xml
Downloading from aliyunmaven: https://maven.aliyun.com/repository/public/org/jetbrains/kotlin/maven-metadata.xml
Downloaded from aliyunmaven: https://maven.aliyun.com/repository/public/org/springframework/boot/maven-metadata.xml (250 B at 853 B/s)
Downloading from aliyunmaven: https://maven.aliyun.com/repository/public/org/liquibase/maven-metadata.xml
Progress (2): 256 B | 395 BProgress (3): 256 B | 395 B | 376 BProgress (4): 256 B | 395 B | 376 B | 399 B                                           Downloaded from aliyunmaven: https://maven.aliyun.com/repository/public/org/liquibase/maven-metadata.xml (395 B at 9.4 kB/s)
Downloading from aliyunmaven: https://maven.aliyun.com/repository/public/org/graalvm/buildtools/maven-metadata.xml
Downloaded from aliyunmaven: https://maven.aliyun.com/repository/public/org/jetbrains/kotlin/maven-metadata.xml (376 B at 8.0 kB/s)
Downloading from aliyunmaven: https://maven.aliyun.com/repository/public/org/apache/maven/plugins/maven-metadata.xml
Downloaded from aliyunmaven: https://maven.aliyun.com/repository/public/org/jooq/maven-metadata.xml (399 B at 8.0 kB/s)
Downloading from aliyunmaven: https://maven.aliyun.com/repository/public/org/codehaus/mojo/maven-metadata.xml
Progress (2): 256 B | 243 BProgress (3): 256 B | 243 B | 1.9/10 kBProgress (3): 256 B | 243 B | 10 kB    Progress (4): 256 B | 243 B | 10 kB | 7.3/21 kBProgress (4): 256 B | 243 B | 10 kB | 15/21 kB Progress (4): 256 B | 243 B | 10 kB | 21 kB                                              Downloaded from aliyunmaven: https://maven.aliyun.com/repository/public/org/graalvm/buildtools/maven-metadata.xml (243 B at 6.9 kB/s)
Downloaded from aliyunmaven: https://maven.aliyun.com/repository/public/org/apache/maven/plugins/maven-metadata.xml (10 kB at 212 kB/s)
Downloaded from aliyunmaven: https://maven.aliyun.com/repository/public/org/codehaus/mojo/maven-metadata.xml (21 kB at 292 kB/s)
[WARNING] Could not validate integrity of download from https://maven.aliyun.com/repository/public/io/github/git-commit-id/maven-metadata.xml
org.eclipse.aether.transfer.ChecksumFailureException: Checksum validation failed, no checksums available
    at org.eclipse.aether.internal.impl.AbstractChecksumPolicy.onNoMoreChecksums (AbstractChecksumPolicy.java:63)
    at org.eclipse.aether.connector.basic.ChecksumValidator.validate (ChecksumValidator.java:112)
    at org.eclipse.aether.connector.basic.BasicRepositoryConnector$GetTaskRunner.runTask (BasicRepositoryConnector.java:486)
    at org.eclipse.aether.connector.basic.BasicRepositoryConnector$TaskRunner.run (BasicRepositoryConnector.java:416)
    at org.eclipse.aether.connector.basic.BasicRepositoryConnector.get (BasicRepositoryConnector.java:215)
    at org.eclipse.aether.internal.impl.DefaultMetadataResolver$ResolveTask.run (DefaultMetadataResolver.java:556)
    at org.eclipse.aether.util.concurrency.RunnableErrorForwarder.lambda$wrap$0 (RunnableErrorForwarder.java:66)
    at java.util.concurrent.ThreadPoolExecutor.runWorker (ThreadPoolExecutor.java:1136)
    at java.util.concurrent.ThreadPoolExecutor$Worker.run (ThreadPoolExecutor.java:635)
    at java.lang.Thread.run (Thread.java:842)
[WARNING] Checksum validation failed, no checksums available from aliyunmaven for https://maven.aliyun.com/repository/public/io/github/git-commit-id/maven-metadata.xml
Downloaded from aliyunmaven: https://maven.aliyun.com/repository/public/io/github/git-commit-id/maven-metadata.xml (256 B at 454 B/s)
[INFO] 
[INFO] ----------< com.groupAccountingSystem:groupAccountingSystem >-----------
[INFO] Building groupAccountingSystem 0.0.1-SNAPSHOT
[INFO]   from pom.xml
[INFO] --------------------------------[ jar ]---------------------------------
[INFO] 
[INFO] >>> spring-boot:3.5.11:run (default-cli) > test-compile @ groupAccountingSystem >>>
[INFO] 
[INFO] --- resources:3.3.1:resources (default-resources) @ groupAccountingSystem ---
[INFO] Copying 1 resource from src\main\resources to target\classes
[INFO] Copying 43 resources from src\main\resources to target\classes
[INFO] 
[INFO] --- compiler:3.14.1:compile (default-compile) @ groupAccountingSystem ---
[INFO] Nothing to compile - all classes are up to date.
[INFO] 
[INFO] --- resources:3.3.1:testResources (default-testResources) @ groupAccountingSystem ---
[INFO] skip non existing resourceDirectory D:\´óČýĎÂ\Číą¤żÎÉč\ÍĹĚĺĽÇŐËĎµÍł\union\now\GroupAccountingSystem\src\test\resources
[INFO] 
[INFO] --- compiler:3.14.1:testCompile (default-testCompile) @ groupAccountingSystem ---
[INFO] Nothing to compile - all classes are up to date.
[INFO] 
[INFO] <<< spring-boot:3.5.11:run (default-cli) < test-compile @ groupAccountingSystem <<<
[INFO] 
[INFO] 
[INFO] --- spring-boot:3.5.11:run (default-cli) @ groupAccountingSystem ---
[INFO] Attaching agents: []
Standard Commons Logging discovery in action with spring-jcl: please remove commons-logging.jar from classpath in order to avoid potential conflicts

  .   ____          _            __ _ _
 /\\ / ___'_ __ _ _(_)_ __  __ _ \ \ \ \
( ( )\___ | '_ | '_| | '_ \/ _` | \ \ \ \
 \\/  ___)| |_)| | | | | || (_| |  ) ) ) )
  '  |____| .__|_| |_|_| |_\__, | / / / /
 =========|_|==============|___/=/_/_/_/

 :: Spring Boot ::               (v3.5.11)

2026-05-19T17:40:18.917+08:00  INFO 52488 --- [           main] c.g.GroupAccountingSystemApplication     : Starting GroupAccountingSystemApplication using Java 17.0.19 with PID 52488 (D:\´óČýĎÂ\Číą¤żÎÉč\ÍĹĚĺĽÇŐËĎµÍł\union\now\GroupAccountingSystem\target\classes started by XuHao in D:\´óČýĎÂ\Číą¤żÎÉč\ÍĹĚĺĽÇŐËĎµÍł\union\now\GroupAccountingSystem)
2026-05-19T17:40:18.919+08:00  INFO 52488 --- [           main] c.g.GroupAccountingSystemApplication     : No active profile set, falling back to 1 default profile: "default"
2026-05-19T17:40:19.568+08:00  INFO 52488 --- [           main] o.s.b.w.embedded.tomcat.TomcatWebServer  : Tomcat initialized with port 8080 (http)
2026-05-19T17:40:19.577+08:00  INFO 52488 --- [           main] o.apache.catalina.core.StandardService   : Starting service [Tomcat]
2026-05-19T17:40:19.578+08:00  INFO 52488 --- [           main] o.apache.catalina.core.StandardEngine    : Starting Servlet engine: [Apache Tomcat/10.1.52]
2026-05-19T17:40:19.615+08:00  INFO 52488 --- [           main] o.a.c.c.C.[Tomcat].[localhost].[/]       : Initializing Spring embedded WebApplicationContext
2026-05-19T17:40:19.616+08:00  INFO 52488 --- [           main] w.s.c.ServletWebServerApplicationContext : Root WebApplicationContext: initialization completed in 671 ms
Standard Commons Logging discovery in action with spring-jcl: please remove commons-logging.jar from classpath in order to avoid potential conflicts
2026-05-19T17:40:19.871+08:00  INFO 52488 --- [           main] o.s.b.a.w.s.WelcomePageHandlerMapping    : Adding welcome page template: index
2026-05-19T17:40:19.951+08:00  WARN 52488 --- [           main] o.s.w.s.resource.ResourceHandlerUtils    : Appended trailing slash to static resource location: file:///D:/´óČýĎÂ/Číą¤żÎÉč/ÍĹĚĺĽÇŐËĎµÍł/union/now/GroupAccountingSystem/uploads/
2026-05-19T17:40:20.062+08:00  INFO 52488 --- [           main] o.s.b.w.embedded.tomcat.TomcatWebServer  : Tomcat started on port 8080 (http) with context path '/'
2026-05-19T17:40:20.069+08:00  INFO 52488 --- [           main] c.g.GroupAccountingSystemApplication     : Started GroupAccountingSystemApplication in 1.428 seconds (process running for 1.651)
[INFO] ------------------------------------------------------------------------
[INFO] BUILD FAILURE
[INFO] ------------------------------------------------------------------------
[INFO] Total time:  14:24 min
[INFO] Finished at: 2026-05-19T17:54:40+08:00
[INFO] ------------------------------------------------------------------------
[ERROR] Failed to execute goal org.springframework.boot:spring-boot-maven-plugin:3.5.11:run (default-cli) on project groupAccountingSystem: Process terminated with exit code: 1 -> [Help 1]
[ERROR] 
[ERROR] To see the full stack trace of the errors, re-run Maven with the -e switch.
[ERROR] Re-run Maven using the -X switch to enable full debug logging.
[ERROR] 
[ERROR] For more information about the errors and possible solutions, please read the following articles:
[ERROR] [Help 1] http://cwiki.apache.org/confluence/display/MAVEN/MojoExecutionException
